2025-05-30 21:20:35,891 - ERROR - Error fetching binance BTC: 'lastPrice'
2025-05-30 21:20:36,300 - ERROR - Error fetching okx BTC: No data found for BTC on okx
2025-05-30 21:20:36,723 - ERROR - Error fetching bybit BTC: 'lastPrice'
2025-05-30 21:20:37,417 - ERROR - Error fetching bitget BTC: 'NoneType' object is not iterable
2025-05-30 21:20:37,630 - ERROR - Error fetching bitmex BTC: ('Connection aborted.', ConnectionResetError(54, 'Connection reset by peer'))
2025-05-30 21:20:38,391 - ERROR - Error fetching kucoin BTC: No data found for BTC on kucoin
2025-05-30 21:20:41,295 - INFO - Updated gate BTC: 0.000100 @ $104471.30
2025-05-30 21:20:42,314 - ERROR - Error fetching mexc BTC: No data found for BTC on mexc
2025-05-30 21:20:42,733 - ERROR - Error fetching huobi BTC: 'last_price'
2025-05-30 21:20:43,350 - INFO - Updated dydx BTC: 0.000000 @ $68766.45
2025-05-30 21:20:43,826 - ERROR - Error fetching deribit BTC: ('Connection aborted.', ConnectionResetError(54, 'Connection reset by peer'))
2025-05-30 21:20:44,259 - ERROR - Error fetching kraken BTC: No data found for BTC on kraken
2025-05-30 21:20:44,259 - ERROR - Error fetching coinglass BTC: Coinglass API key required
2025-05-30 21:21:56,857 - ERROR - Error fetching binance BTC: 'lastPrice'
2025-05-30 21:21:57,296 - ERROR - Error fetching okx BTC: No data found for BTC on okx
2025-05-30 21:21:57,834 - ERROR - Error fetching bybit BTC: 'lastPrice'
2025-05-30 21:21:58,315 - ERROR - Error fetching bitget BTC: 'NoneType' object is not iterable
2025-05-30 21:21:58,398 - ERROR - Error fetching bitmex BTC: ('Connection aborted.', ConnectionResetError(54, 'Connection reset by peer'))
2025-05-30 21:21:58,946 - ERROR - Error fetching kucoin BTC: No data found for BTC on kucoin
2025-05-30 21:22:01,620 - INFO - Updated gate BTC: 0.000100 @ $104631.60
2025-05-30 21:22:02,865 - ERROR - Error fetching mexc BTC: No data found for BTC on mexc
2025-05-30 21:22:03,099 - ERROR - Error fetching huobi BTC: 'last_price'
2025-05-30 21:22:03,634 - INFO - Updated dydx BTC: 0.000000 @ $68766.45
2025-05-30 21:22:04,077 - ERROR - Error fetching deribit BTC: ('Connection aborted.', ConnectionResetError(54, 'Connection reset by peer'))
2025-05-30 21:22:04,614 - ERROR - Error fetching kraken BTC: No data found for BTC on kraken
2025-05-30 21:22:04,615 - ERROR - Error fetching coinglass BTC: Coinglass API key required
2025-05-30 21:39:38,886 - ERROR - Error fetching binance BTC: 'lastPrice'
2025-05-30 21:39:39,311 - ERROR - Error fetching okx BTC: No data found for BTC on okx
2025-05-30 21:39:39,870 - ERROR - Error fetching bybit BTC: 'lastPrice'
2025-05-30 21:39:40,474 - ERROR - Error fetching bitget BTC: 'NoneType' object is not iterable
2025-05-30 21:39:40,698 - ERROR - Error fetching bitmex BTC: ('Connection aborted.', ConnectionResetError(54, 'Connection reset by peer'))
2025-05-30 21:39:41,448 - ERROR - Error fetching kucoin BTC: No data found for BTC on kucoin
2025-05-30 21:39:44,222 - INFO - Updated gate BTC: 0.000100 @ $104669.80
2025-05-30 21:39:45,356 - ERROR - Error fetching mexc BTC: No data found for BTC on mexc
2025-05-30 21:39:45,715 - ERROR - Error fetching huobi BTC: 'last_price'
2025-05-30 21:39:46,248 - INFO - Updated dydx BTC: 0.000000 @ $68766.45
2025-05-30 21:39:46,737 - ERROR - Error fetching deribit BTC: ('Connection aborted.', ConnectionResetError(54, 'Connection reset by peer'))
2025-05-30 21:39:47,074 - ERROR - Error fetching kraken BTC: No data found for BTC on kraken
2025-05-30 21:39:47,074 - ERROR - Error fetching coinglass BTC: Coinglass API key required
2025-05-30 21:42:07,795 - INFO - Updated binance BTC: 0.000100 @ $0.00
2025-05-30 21:42:08,223 - ERROR - Error fetching okx BTC: No data found for BTC on okx
2025-05-30 21:42:08,798 - INFO - Updated bybit BTC: 0.000100 @ $0.00
2025-05-30 21:42:09,306 - ERROR - Error fetching bitget BTC: Data parsing error: 'NoneType' object is not iterable
2025-05-30 21:42:09,403 - ERROR - Error fetching bitmex BTC: Network error: ('Connection aborted.', ConnectionResetError(54, 'Connection reset by peer'))
2025-05-30 21:42:10,082 - ERROR - Error fetching kucoin BTC: No data found for BTC on kucoin
2025-05-30 21:42:15,374 - INFO - Updated gate BTC: 0.000100 @ $104662.00
2025-05-30 21:42:15,966 - ERROR - Error fetching mexc BTC: No data found for BTC on mexc
2025-05-30 21:42:16,238 - INFO - Updated huobi BTC: 0.000100 @ $0.00
2025-05-30 21:42:16,805 - INFO - Updated dydx BTC: 0.000000 @ $68766.45
2025-05-30 21:42:17,279 - ERROR - Error fetching deribit BTC: Network error: ('Connection aborted.', ConnectionResetError(54, 'Connection reset by peer'))
2025-05-30 21:42:17,636 - ERROR - Error fetching kraken BTC: No data found for BTC on kraken
2025-05-30 21:42:17,637 - ERROR - Error fetching coinglass BTC: Coinglass API key required
2025-05-30 21:42:39,445 - INFO - Updated binance BTC: 0.000100 @ $0.00
2025-05-30 21:42:39,893 - ERROR - Error fetching okx BTC: No data found for BTC on okx
2025-05-30 21:42:40,453 - INFO - Updated bybit BTC: 0.000100 @ $0.00
2025-05-30 21:42:40,950 - ERROR - Error fetching bitget BTC: Data parsing error: 'NoneType' object is not iterable
2025-05-30 21:42:41,135 - ERROR - Error fetching bitmex BTC: Network error: ('Connection aborted.', ConnectionResetError(54, 'Connection reset by peer'))
2025-05-30 21:42:42,935 - ERROR - Error fetching kucoin BTC: No data found for BTC on kucoin
2025-05-30 21:42:46,477 - INFO - Updated gate BTC: 0.000100 @ $104661.50
2025-05-30 21:42:47,399 - ERROR - Error fetching mexc BTC: No data found for BTC on mexc
2025-05-30 21:42:47,887 - INFO - Updated huobi BTC: 0.000100 @ $0.00
2025-05-30 21:42:48,706 - INFO - Updated dydx BTC: 0.000000 @ $68766.45
2025-05-30 21:42:49,327 - ERROR - Error fetching deribit BTC: Network error: ('Connection aborted.', ConnectionResetError(54, 'Connection reset by peer'))
2025-05-30 21:42:49,626 - ERROR - Error fetching kraken BTC: No data found for BTC on kraken
2025-05-30 21:42:49,626 - ERROR - Error fetching coinglass BTC: Coinglass API key required
2025-05-30 21:43:09,012 - INFO - Updated binance BTC: 0.000100 @ $0.00
2025-05-30 21:43:09,400 - ERROR - Error fetching okx BTC: No data found for BTC on okx
2025-05-30 21:43:10,011 - INFO - Updated bybit BTC: 0.000100 @ $0.00
2025-05-30 21:43:11,010 - ERROR - Error fetching bitget BTC: Data parsing error: 'NoneType' object is not iterable
2025-05-30 21:43:11,175 - ERROR - Error fetching bitmex BTC: Network error: ('Connection aborted.', ConnectionResetError(54, 'Connection reset by peer'))
2025-05-30 21:43:12,227 - ERROR - Error fetching kucoin BTC: No data found for BTC on kucoin
2025-05-30 21:43:15,686 - INFO - Updated gate BTC: 0.000100 @ $104661.60
2025-05-30 21:43:16,645 - ERROR - Error fetching mexc BTC: No data found for BTC on mexc
2025-05-30 21:43:16,956 - INFO - Updated huobi BTC: 0.000100 @ $0.00
2025-05-30 21:43:17,456 - INFO - Updated dydx BTC: 0.000000 @ $68766.45
2025-05-30 21:43:18,185 - ERROR - Error fetching deribit BTC: Network error: ('Connection aborted.', ConnectionResetError(54, 'Connection reset by peer'))
2025-05-30 21:43:18,606 - ERROR - Error fetching kraken BTC: No data found for BTC on kraken
2025-05-30 21:43:18,606 - ERROR - Error fetching coinglass BTC: Coinglass API key required
2025-05-30 21:44:13,426 - INFO - Updated binance BTC: 0.000100 @ $104655.58
2025-05-30 21:44:13,845 - ERROR - Error fetching okx BTC: No data found for BTC on okx
2025-05-30 21:44:14,389 - INFO - Updated bybit BTC: 0.000100 @ $0.00
2025-05-30 21:44:14,883 - ERROR - Error fetching bitget BTC: Data parsing error: 'NoneType' object is not iterable
2025-05-30 21:44:17,283 - ERROR - Error fetching bitmex BTC: Network error: ('Connection aborted.', ConnectionResetError(54, 'Connection reset by peer'))
2025-05-30 21:44:18,973 - ERROR - Error fetching kucoin BTC: No data found for BTC on kucoin
2025-05-30 21:44:22,341 - INFO - Updated gate BTC: 0.000100 @ $104654.16
2025-05-30 21:44:22,908 - ERROR - Error fetching mexc BTC: No data found for BTC on mexc
2025-05-30 21:44:23,250 - INFO - Updated huobi BTC: 0.000100 @ $0.00
2025-05-30 21:44:23,716 - INFO - Updated dydx BTC: 0.000000 @ $68766.45
2025-05-30 21:44:26,914 - ERROR - Error fetching deribit BTC: Network error: ('Connection aborted.', ConnectionResetError(54, 'Connection reset by peer'))
2025-05-30 21:44:27,282 - ERROR - Error fetching kraken BTC: No data found for BTC on kraken
2025-05-30 21:44:27,283 - ERROR - Error fetching coinglass BTC: Coinglass API key required
2025-05-30 21:45:18,914 - INFO - Updated binance BTC: 0.000100 @ $104644.80
2025-05-30 21:45:19,410 - ERROR - Error fetching okx BTC: No data found for BTC on okx
2025-05-30 21:45:19,811 - INFO - Updated bybit BTC: 0.000100 @ $0.00
2025-05-30 21:45:20,326 - ERROR - Error fetching bitget BTC: No data found for BTC on bitget
2025-05-30 21:45:22,744 - ERROR - Error fetching bitmex BTC: Network error: ('Connection aborted.', ConnectionResetError(54, 'Connection reset by peer'))
2025-05-30 21:45:24,575 - ERROR - Error fetching kucoin BTC: No data found for BTC on kucoin
2025-05-30 21:45:27,271 - INFO - Updated gate BTC: 0.000100 @ $104645.90
2025-05-30 21:45:27,809 - ERROR - Error fetching mexc BTC: No data found for BTC on mexc
2025-05-30 21:45:28,094 - INFO - Updated huobi BTC: 0.000100 @ $0.00
2025-05-30 21:45:28,615 - INFO - Updated dydx BTC: 0.000000 @ $68766.45
2025-05-30 21:45:31,791 - ERROR - Error fetching deribit BTC: Network error: ('Connection aborted.', ConnectionResetError(54, 'Connection reset by peer'))
2025-05-30 21:45:32,099 - ERROR - Error fetching kraken BTC: No data found for BTC on kraken
2025-05-30 21:45:32,099 - ERROR - Error fetching coinglass BTC: Coinglass API key required
2025-05-30 21:46:07,814 - INFO - Updated binance BTC: 0.000100 @ $104675.60
2025-05-30 21:46:08,254 - ERROR - Error fetching okx BTC: No data found for BTC on okx
2025-05-30 21:46:08,815 - INFO - Updated bybit BTC: 0.000100 @ $0.00
2025-05-30 21:46:09,442 - ERROR - Error fetching bitget BTC: No data found for BTC on bitget
2025-05-30 21:46:11,788 - ERROR - Error fetching bitmex BTC: Network error: ('Connection aborted.', ConnectionResetError(54, 'Connection reset by peer'))
2025-05-30 21:46:12,346 - ERROR - Error fetching kucoin BTC: No data found for BTC on kucoin
2025-05-30 21:46:15,438 - INFO - Updated gate BTC: 0.000100 @ $104671.46
2025-05-30 21:46:16,008 - ERROR - Error fetching mexc BTC: No data found for BTC on mexc
2025-05-30 21:46:16,419 - INFO - Updated huobi BTC: 0.000100 @ $0.00
2025-05-30 21:46:16,989 - INFO - Updated dydx BTC: 0.000000 @ $68766.45
2025-05-30 21:46:20,255 - ERROR - Error fetching deribit BTC: Network error: ('Connection aborted.', ConnectionResetError(54, 'Connection reset by peer'))
2025-05-30 21:46:20,695 - ERROR - Error fetching kraken BTC: No data found for BTC on kraken
2025-05-30 21:46:20,695 - ERROR - Error fetching coinglass BTC: Coinglass API key required
2025-05-30 21:46:58,800 - INFO - Updated binance BTC: 0.000100 @ $104674.20
2025-05-30 21:46:59,241 - ERROR - Error fetching okx BTC: No data found for BTC on okx
2025-05-30 21:47:00,058 - INFO - Updated bybit BTC: 0.000100 @ $104677.00
2025-05-30 21:47:00,538 - ERROR - Error fetching bitget BTC: No data found for BTC on bitget
2025-05-30 21:47:03,146 - ERROR - Error fetching bitmex BTC: Network error: ('Connection aborted.', ConnectionResetError(54, 'Connection reset by peer'))
2025-05-30 21:47:03,720 - ERROR - Error fetching kucoin BTC: No data found for BTC on kucoin
2025-05-30 21:47:07,320 - INFO - Updated gate BTC: 0.000100 @ $104695.70
2025-05-30 21:47:08,293 - ERROR - Error fetching mexc BTC: No data found for BTC on mexc
2025-05-30 21:47:09,246 - ERROR - Error fetching huobi BTC: No data found for BTC on huobi
2025-05-30 21:47:09,847 - INFO - Updated dydx BTC: 0.000000 @ $68766.45
2025-05-30 21:47:13,103 - ERROR - Error fetching deribit BTC: Network error: ('Connection aborted.', ConnectionResetError(54, 'Connection reset by peer'))
2025-05-30 21:47:13,381 - ERROR - Error fetching kraken BTC: No data found for BTC on kraken
2025-05-30 21:47:13,382 - ERROR - Error fetching coinglass BTC: Coinglass API key required
2025-05-30 21:47:50,921 - INFO - Updated binance BTC: 0.000100 @ $104682.19
2025-05-30 21:47:51,327 - INFO - Updated okx BTC: 0.000100 @ $0.00
2025-05-30 21:47:52,328 - INFO - Updated bybit BTC: 0.000100 @ $104673.40
2025-05-30 21:47:52,819 - ERROR - Error fetching bitget BTC: No data found for BTC on bitget
2025-05-30 21:47:55,148 - ERROR - Error fetching bitmex BTC: Network error: ('Connection aborted.', ConnectionResetError(54, 'Connection reset by peer'))
2025-05-30 21:47:55,811 - INFO - Updated kucoin BTC: 0.000370 @ $104708.60
2025-05-30 21:47:58,785 - INFO - Updated gate BTC: 0.000100 @ $104670.76
2025-05-30 21:47:59,820 - ERROR - Error fetching mexc BTC: No data found for BTC on mexc
2025-05-30 21:48:00,817 - ERROR - Error fetching huobi BTC: No data found for BTC on huobi
2025-05-30 21:48:01,368 - INFO - Updated dydx BTC: 0.000000 @ $68766.45
2025-05-30 21:48:04,611 - ERROR - Error fetching deribit BTC: Network error: ('Connection aborted.', ConnectionResetError(54, 'Connection reset by peer'))
2025-05-30 21:48:04,948 - ERROR - Error fetching kraken BTC: No data found for BTC on kraken
2025-05-30 21:48:04,948 - ERROR - Error fetching coinglass BTC: Coinglass API key required
2025-05-30 21:48:41,330 - INFO - Updated binance BTC: 0.000100 @ $104672.50
2025-05-30 21:48:42,178 - INFO - Updated okx BTC: 0.000100 @ $104669.60
2025-05-30 21:48:42,958 - INFO - Updated bybit BTC: 0.000100 @ $104677.50
2025-05-30 21:48:43,468 - ERROR - Error fetching bitget BTC: No data found for BTC on bitget
2025-05-30 21:48:45,763 - ERROR - Error fetching bitmex BTC: Network error: ('Connection aborted.', ConnectionResetError(54, 'Connection reset by peer'))
2025-05-30 21:48:46,742 - INFO - Updated kucoin BTC: 0.000370 @ $104701.77
2025-05-30 21:48:49,567 - INFO - Updated gate BTC: 0.000100 @ $104675.90
2025-05-30 21:48:50,500 - ERROR - Error fetching mexc BTC: No data found for BTC on mexc
2025-05-30 21:48:51,438 - ERROR - Error fetching huobi BTC: No data found for BTC on huobi
2025-05-30 21:48:51,950 - INFO - Updated dydx BTC: 0.000000 @ $68766.45
2025-05-30 21:48:55,236 - ERROR - Error fetching deribit BTC: Network error: ('Connection aborted.', ConnectionResetError(54, 'Connection reset by peer'))
2025-05-30 21:48:55,556 - ERROR - Error fetching kraken BTC: No data found for BTC on kraken
2025-05-30 21:48:55,557 - ERROR - Error fetching coinglass BTC: Coinglass API key required
2025-05-30 21:49:39,373 - INFO - Updated binance BTC: 0.000100 @ $104640.20
2025-05-30 21:49:40,197 - INFO - Updated okx BTC: 0.000100 @ $104638.60
2025-05-30 21:49:41,142 - INFO - Updated bybit BTC: 0.000100 @ $104646.20
2025-05-30 21:49:41,632 - ERROR - Error fetching bitget BTC: No data found for BTC on bitget
2025-05-30 21:49:44,027 - ERROR - Error fetching bitmex BTC: Network error: ('Connection aborted.', ConnectionResetError(54, 'Connection reset by peer'))
2025-05-30 21:49:44,614 - INFO - Updated kucoin BTC: 0.000370 @ $104649.39
2025-05-30 21:49:48,299 - INFO - Updated gate BTC: 0.000100 @ $104659.50
2025-05-30 21:49:49,235 - ERROR - Error fetching mexc BTC: No data found for BTC on mexc
2025-05-30 21:49:50,171 - ERROR - Error fetching huobi BTC: No data found for BTC on huobi
2025-05-30 21:49:50,644 - INFO - Updated dydx BTC: 0.000000 @ $68766.45
2025-05-30 21:49:53,944 - ERROR - Error fetching deribit BTC: Network error: ('Connection aborted.', ConnectionResetError(54, 'Connection reset by peer'))
2025-05-30 21:49:54,316 - ERROR - Error fetching kraken BTC: No data found for BTC on kraken
2025-05-30 21:49:54,316 - ERROR - Error fetching coinglass BTC: Coinglass API key required
2025-05-30 21:51:57,881 - INFO - Updated binance BTC: 0.000100 @ $104715.00
2025-05-30 21:51:59,192 - INFO - Updated okx BTC: 0.000100 @ $104712.50
2025-05-30 21:52:00,369 - INFO - Updated bybit BTC: 0.000100 @ $104721.80
2025-05-30 21:52:01,068 - ERROR - Error fetching bitget BTC: No data found for BTC on bitget
2025-05-30 21:52:01,439 - INFO - Updated bitmex BTC: 0.000036 @ $104768.33
2025-05-30 21:52:02,560 - INFO - Updated kucoin BTC: 0.000370 @ $104743.98
2025-05-30 21:52:07,049 - INFO - Updated gate BTC: 0.000100 @ $104734.10
2025-05-30 21:52:08,094 - ERROR - Error fetching mexc BTC: No data found for BTC on mexc
2025-05-30 21:52:09,033 - ERROR - Error fetching huobi BTC: No data found for BTC on huobi
2025-05-30 21:52:09,786 - INFO - Updated dydx BTC: 0.000000 @ $68766.45
2025-05-30 21:52:12,745 - ERROR - Error fetching deribit BTC: No data found for BTC on deribit
2025-05-30 21:52:14,395 - ERROR - Error fetching kraken BTC: No data found for BTC on kraken
2025-05-30 21:52:14,395 - ERROR - Error fetching coinglass BTC: Coinglass API key required
2025-05-30 21:53:45,679 - INFO - Updated binance BTC: 0.000100 @ $104761.70
2025-05-30 21:53:46,632 - INFO - Updated okx BTC: 0.000100 @ $104758.30
2025-05-30 21:53:47,774 - INFO - Updated bybit BTC: 0.000100 @ $104780.60
2025-05-30 21:53:48,289 - INFO - Updated bitmex BTC: 0.000036 @ $104803.85
2025-05-30 21:53:49,128 - INFO - Updated kucoin BTC: 0.000370 @ $104780.62
2025-05-30 21:53:51,587 - INFO - Updated gate BTC: 0.000100 @ $104772.40
2025-05-30 21:53:52,186 - INFO - Updated dydx BTC: 0.000000 @ $68766.45
2025-05-30 21:55:10,201 - INFO - [31m[1mWARNING: This is a development server. Do not use it in a production deployment. Use a production WSGI server instead.[0m
 * Running on http://127.0.0.1:5000
2025-05-30 21:55:10,202 - INFO - [33mPress CTRL+C to quit[0m
2025-05-30 21:57:56,606 - INFO - [31m[1mWARNING: This is a development server. Do not use it in a production deployment. Use a production WSGI server instead.[0m
 * Running on http://127.0.0.1:5002
2025-05-30 21:57:56,607 - INFO - [33mPress CTRL+C to quit[0m
2025-05-30 21:57:56,608 - INFO -  * Restarting with stat
2025-05-30 21:57:56,888 - WARNING -  * Debugger is active!
2025-05-30 21:57:56,921 - INFO -  * Debugger PIN: 943-604-095
2025-05-30 21:58:14,869 - INFO - 127.0.0.1 - - [30/May/2025 21:58:14] "[35m[1mGET /funding-rates/matrix HTTP/1.1[0m" 500 -
2025-05-30 21:58:15,792 - INFO - 127.0.0.1 - - [30/May/2025 21:58:15] "GET /historical-data HTTP/1.1" 200 -
2025-05-30 21:58:15,844 - INFO - 127.0.0.1 - - [30/May/2025 21:58:15] "GET /historical-data HTTP/1.1" 200 -
2025-05-30 21:58:15,947 - INFO - 127.0.0.1 - - [30/May/2025 21:58:15] "GET / HTTP/1.1" 200 -
2025-05-30 21:58:16,401 - INFO - 127.0.0.1 - - [30/May/2025 21:58:16] "[35m[1mGET /funding-rates/matrix HTTP/1.1[0m" 500 -
2025-05-30 21:58:16,856 - INFO - 127.0.0.1 - - [30/May/2025 21:58:16] "GET /historical-data HTTP/1.1" 200 -
2025-05-30 21:58:39,170 - INFO -  * Detected change in '/Users/erhangocmez/testnet_feed_project/funding_rates.py', reloading
2025-05-30 21:58:39,216 - INFO -  * Restarting with stat
2025-05-30 21:58:39,632 - WARNING -  * Debugger is active!
2025-05-30 21:58:39,658 - INFO -  * Debugger PIN: 943-604-095
2025-05-30 21:58:40,722 - INFO -  * Detected change in '/Users/erhangocmez/testnet_feed_project/funding_rates.py', reloading
2025-05-30 21:58:40,759 - INFO -  * Restarting with stat
2025-05-30 21:58:41,058 - WARNING -  * Debugger is active!
2025-05-30 21:58:41,081 - INFO -  * Debugger PIN: 943-604-095
2025-05-30 21:59:19,920 - INFO - 127.0.0.1 - - [30/May/2025 21:59:19] "GET / HTTP/1.1" 200 -
2025-05-30 21:59:19,963 - INFO - 127.0.0.1 - - [30/May/2025 21:59:19] "[35m[1mGET /funding-rates/matrix HTTP/1.1[0m" 500 -
2025-05-30 21:59:20,717 - INFO - 127.0.0.1 - - [30/May/2025 21:59:20] "GET /historical-data HTTP/1.1" 200 -
2025-05-30 21:59:43,804 - INFO -  * Detected change in '/Users/erhangocmez/testnet_feed_project/funding_rates.py', reloading
2025-05-30 21:59:43,866 - INFO -  * Restarting with stat
2025-05-30 21:59:44,282 - WARNING -  * Debugger is active!
2025-05-30 21:59:44,310 - INFO -  * Debugger PIN: 943-604-095
2025-05-30 21:59:44,894 - INFO - Updated binance BTC: 0.000100 @ $104869.07
2025-05-30 21:59:46,109 - INFO - Updated okx BTC: 0.000100 @ $104870.40
2025-05-30 21:59:47,222 - INFO - Updated bybit BTC: 0.000100 @ $104875.00
2025-05-30 21:59:47,674 - INFO - Updated bitmex BTC: 0.000036 @ $104917.85
2025-05-30 21:59:49,613 - INFO - Updated kucoin BTC: 0.000370 @ $104905.50
2025-05-30 21:59:50,503 - INFO -  * Detected change in '/Users/erhangocmez/testnet_feed_project/app.py', reloading
2025-05-30 21:59:50,551 - INFO -  * Restarting with stat
2025-05-30 21:59:50,895 - WARNING -  * Debugger is active!
2025-05-30 21:59:50,922 - INFO -  * Debugger PIN: 943-604-095
2025-05-30 21:59:51,484 - INFO - Updated binance BTC: 0.000100 @ $104878.15
2025-05-30 21:59:52,552 - INFO - Updated okx BTC: 0.000100 @ $104880.00
2025-05-30 21:59:53,672 - INFO - Updated bybit BTC: 0.000100 @ $104874.90
2025-05-30 21:59:54,041 - INFO - Updated bitmex BTC: 0.000036 @ $104923.73
2025-05-30 21:59:55,033 - INFO - Updated kucoin BTC: 0.000370 @ $104912.28
2025-05-30 21:59:57,675 - INFO - Updated gate BTC: 0.000100 @ $104876.70
2025-05-30 21:59:59,633 - INFO - Updated dydx BTC: 0.000000 @ $68766.45
2025-05-30 22:00:13,536 - INFO -  * Detected change in '/Users/erhangocmez/testnet_feed_project/app.py', reloading
2025-05-30 22:00:13,579 - INFO -  * Restarting with stat
2025-05-30 22:00:13,965 - WARNING -  * Debugger is active!
2025-05-30 22:00:13,992 - INFO -  * Debugger PIN: 943-604-095
2025-05-30 22:00:14,496 - INFO - Updated binance BTC: 0.000100 @ $104851.60
2025-05-30 22:00:16,306 - INFO - Updated okx BTC: 0.000100 @ $104842.50
2025-05-30 22:00:21,773 - INFO - Updated bybit BTC: 0.000100 @ $104848.50
2025-05-30 22:00:22,134 - INFO - Updated bitmex BTC: 0.000036 @ $104898.25
2025-05-30 22:00:23,025 - INFO - Updated kucoin BTC: 0.000370 @ $104886.47
2025-05-30 22:00:25,409 - INFO - Updated gate BTC: 0.000100 @ $104846.57
2025-05-30 22:00:25,992 - INFO - Updated dydx BTC: 0.000000 @ $68766.45
2025-05-30 22:00:37,793 - INFO - [31m[1mWARNING: This is a development server. Do not use it in a production deployment. Use a production WSGI server instead.[0m
 * Running on http://127.0.0.1:5003
2025-05-30 22:00:37,794 - INFO - [33mPress CTRL+C to quit[0m
2025-05-30 22:00:37,795 - INFO -  * Restarting with stat
2025-05-30 22:00:38,073 - WARNING -  * Debugger is active!
2025-05-30 22:00:38,099 - INFO -  * Debugger PIN: 943-604-095
2025-05-30 22:00:38,334 - INFO - Updated binance BTC: 0.000100 @ $104873.50
2025-05-30 22:00:38,613 - INFO - Updated binance BTC: 0.000100 @ $104873.50
2025-05-30 22:00:39,390 - INFO - Updated okx BTC: 0.000100 @ $104866.70
2025-05-30 22:00:39,674 - INFO - Updated okx BTC: 0.000100 @ $104864.50
2025-05-30 22:00:40,550 - INFO - Updated bybit BTC: 0.000100 @ $104868.10
2025-05-30 22:00:40,880 - INFO - Updated bitmex BTC: 0.000036 @ $104921.55
2025-05-30 22:00:41,193 - INFO - Updated bybit BTC: 0.000100 @ $104868.00
2025-05-30 22:00:41,518 - INFO - Updated bitmex BTC: 0.000036 @ $104921.55
2025-05-30 22:00:42,290 - INFO - Updated kucoin BTC: 0.000370 @ $104875.49
2025-05-30 22:00:44,355 - INFO - Updated kucoin BTC: 0.000370 @ $104898.00
2025-05-30 22:00:44,714 - INFO - Updated gate BTC: 0.000100 @ $104868.24
2025-05-30 22:00:45,310 - INFO - Updated dydx BTC: 0.000000 @ $68766.45
2025-05-30 22:00:46,822 - INFO - Updated gate BTC: 0.000100 @ $104868.24
2025-05-30 22:00:47,415 - INFO - Updated dydx BTC: 0.000000 @ $68766.45
2025-05-30 22:00:57,655 - INFO -  * Detected change in '/Users/erhangocmez/testnet_feed_project/funding_rates.py', reloading
2025-05-30 22:00:57,710 - INFO -  * Restarting with stat
2025-05-30 22:00:58,086 - WARNING -  * Debugger is active!
2025-05-30 22:00:58,111 - INFO -  * Debugger PIN: 943-604-095
2025-05-30 22:00:58,176 - INFO -  * Detected change in '/Users/erhangocmez/testnet_feed_project/funding_rates.py', reloading
2025-05-30 22:00:58,227 - INFO -  * Restarting with stat
2025-05-30 22:00:58,524 - WARNING -  * Debugger is active!
2025-05-30 22:00:58,551 - INFO -  * Debugger PIN: 943-604-095
2025-05-30 22:00:58,691 - INFO - Updated binance BTC: 0.000100 @ $104864.10
2025-05-30 22:00:59,182 - INFO - Updated binance BTC: 0.000100 @ $104864.10
2025-05-30 22:00:59,718 - INFO - Updated okx BTC: 0.000100 @ $104861.60
2025-05-30 22:01:00,279 - INFO - Updated okx BTC: 0.000100 @ $104860.40
2025-05-30 22:01:00,892 - INFO - Updated bybit BTC: 0.000100 @ $104868.10
2025-05-30 22:01:01,212 - INFO - Updated bitmex BTC: 0.000036 @ $104910.63
2025-05-30 22:01:01,770 - INFO - Updated bybit BTC: 0.000100 @ $104868.10
2025-05-30 22:01:01,950 - INFO - Updated kucoin BTC: 0.000370 @ $104903.22
2025-05-30 22:01:02,269 - INFO - Updated bitmex BTC: 0.000036 @ $104910.63
2025-05-30 22:01:03,370 - INFO - Updated kucoin BTC: 0.000370 @ $104903.57
2025-05-30 22:01:04,813 - INFO - Updated gate BTC: 0.000100 @ $104866.93
2025-05-30 22:01:05,393 - INFO - Updated dydx BTC: 0.000000 @ $68766.45
2025-05-30 22:01:06,116 - INFO - Updated gate BTC: 0.000100 @ $104868.00
2025-05-30 22:01:07,425 - INFO - Updated dydx BTC: 0.000000 @ $68766.45
2025-05-30 22:01:18,163 - INFO - 127.0.0.1 - - [30/May/2025 22:01:18] "GET / HTTP/1.1" 200 -
2025-05-30 22:01:18,221 - INFO - 127.0.0.1 - - [30/May/2025 22:01:18] "[35m[1mGET /funding-rates/matrix HTTP/1.1[0m" 500 -
2025-05-30 22:01:18,478 - INFO - 127.0.0.1 - - [30/May/2025 22:01:18] "[33mGET /favicon.ico HTTP/1.1[0m" 404 -
2025-05-30 22:01:19,152 - INFO - 127.0.0.1 - - [30/May/2025 22:01:19] "GET /historical-data HTTP/1.1" 200 -
2025-05-30 22:01:43,448 - INFO -  * Detected change in '/Users/erhangocmez/testnet_feed_project/app.py', reloading
2025-05-30 22:01:43,494 - INFO -  * Restarting with stat
2025-05-30 22:01:43,709 - INFO -  * Detected change in '/Users/erhangocmez/testnet_feed_project/app.py', reloading
2025-05-30 22:01:43,756 - INFO -  * Restarting with stat
2025-05-30 22:01:43,898 - WARNING -  * Debugger is active!
2025-05-30 22:01:43,934 - INFO -  * Debugger PIN: 943-604-095
2025-05-30 22:01:44,074 - WARNING -  * Debugger is active!
2025-05-30 22:01:44,099 - INFO -  * Debugger PIN: 943-604-095
2025-05-30 22:01:45,370 - INFO - Updated binance BTC: 0.000100 @ $104917.23
2025-05-30 22:01:45,683 - INFO - Updated binance BTC: 0.000100 @ $104922.00
2025-05-30 22:01:46,567 - INFO - Updated okx BTC: 0.000100 @ $104914.90
2025-05-30 22:01:46,680 - INFO - Updated okx BTC: 0.000100 @ $104914.10
2025-05-30 22:01:47,751 - INFO - Updated bybit BTC: 0.000100 @ $104917.60
2025-05-30 22:01:47,894 - INFO - Updated bybit BTC: 0.000100 @ $104917.60
2025-05-30 22:01:48,071 - INFO - Updated bitmex BTC: 0.000036 @ $104917.51
2025-05-30 22:01:48,274 - INFO - Updated bitmex BTC: 0.000036 @ $104917.51
2025-05-30 22:01:48,846 - INFO - Updated kucoin BTC: 0.000370 @ $104945.56
2025-05-30 22:01:49,058 - INFO - Updated kucoin BTC: 0.000370 @ $104944.79
2025-05-30 22:01:51,740 - INFO - Updated gate BTC: 0.000100 @ $104914.33
2025-05-30 22:01:51,801 - INFO - Updated gate BTC: 0.000100 @ $104914.33
2025-05-30 22:01:52,317 - INFO - Updated dydx BTC: 0.000000 @ $68766.45
2025-05-30 22:01:52,378 - INFO - Updated dydx BTC: 0.000000 @ $68766.45
2025-05-30 22:01:58,046 - INFO - 127.0.0.1 - - [30/May/2025 22:01:58] "GET / HTTP/1.1" 200 -
2025-05-30 22:01:58,095 - INFO - 127.0.0.1 - - [30/May/2025 22:01:58] "GET /funding-rates/matrix HTTP/1.1" 200 -
2025-05-30 22:01:58,526 - INFO - 127.0.0.1 - - [30/May/2025 22:01:58] "GET /historical-data HTTP/1.1" 200 -
2025-05-30 22:05:39,566 - INFO -  * Detected change in '/Users/erhangocmez/testnet_feed_project/funding_rates.py', reloading
2025-05-30 22:05:39,618 - INFO -  * Restarting with stat
2025-05-30 22:05:39,741 - INFO -  * Detected change in '/Users/erhangocmez/testnet_feed_project/funding_rates.py', reloading
2025-05-30 22:05:39,793 - INFO -  * Restarting with stat
2025-05-30 22:05:40,056 - WARNING -  * Debugger is active!
2025-05-30 22:05:40,083 - INFO -  * Debugger PIN: 943-604-095
2025-05-30 22:05:40,090 - WARNING -  * Debugger is active!
2025-05-30 22:05:40,117 - INFO -  * Debugger PIN: 943-604-095
2025-05-30 22:05:40,738 - INFO - Updated binance BTC: 0.000100 @ $104867.45
2025-05-30 22:05:40,750 - INFO - Updated binance BTC: 0.000100 @ $104857.10
2025-05-30 22:05:42,053 - INFO - Updated okx BTC: 0.000100 @ $104826.80
2025-05-30 22:05:42,245 - INFO - Updated okx BTC: 0.000100 @ $104824.40
2025-05-30 22:05:43,245 - INFO - Updated bybit BTC: 0.000100 @ $104836.80
2025-05-30 22:05:43,259 - INFO - Updated bybit BTC: 0.000100 @ $104836.80
2025-05-30 22:05:43,720 - INFO - Updated bitmex BTC: 0.000036 @ $104885.29
2025-05-30 22:05:43,720 - INFO - Updated bitmex BTC: 0.000036 @ $104885.29
2025-05-30 22:05:44,554 - INFO - Updated kucoin BTC: 0.000370 @ $104870.20
2025-05-30 22:05:45,817 - INFO - Updated kucoin BTC: 0.000370 @ $104912.09
2025-05-30 22:05:47,199 - INFO - 127.0.0.1 - - [30/May/2025 22:05:47] "GET / HTTP/1.1" 200 -
2025-05-30 22:05:47,272 - INFO - 127.0.0.1 - - [30/May/2025 22:05:47] "GET /funding-rates/matrix HTTP/1.1" 200 -
2025-05-30 22:05:47,383 - INFO - Updated gate BTC: 0.000100 @ $104831.70
2025-05-30 22:05:48,207 - INFO - Updated dydx BTC: 0.000000 @ $68766.45
2025-05-30 22:05:48,230 - INFO - 127.0.0.1 - - [30/May/2025 22:05:48] "GET /historical-data HTTP/1.1" 200 -
2025-05-30 22:05:51,745 - INFO - Updated gate BTC: 0.000100 @ $104831.70
2025-05-30 22:05:52,344 - INFO - Updated dydx BTC: 0.000000 @ $68766.45
2025-05-30 22:08:59,922 - INFO - 127.0.0.1 - - [30/May/2025 22:08:59] "GET / HTTP/1.1" 200 -
2025-05-30 22:08:59,995 - INFO - 127.0.0.1 - - [30/May/2025 22:08:59] "GET /funding-rates/matrix HTTP/1.1" 200 -
2025-05-30 22:09:00,647 - INFO - 127.0.0.1 - - [30/May/2025 22:09:00] "GET /historical-data HTTP/1.1" 200 -
2025-05-30 22:14:00,036 - INFO - 127.0.0.1 - - [30/May/2025 22:14:00] "GET /funding-rates/matrix HTTP/1.1" 200 -
2025-05-30 22:14:00,658 - INFO - 127.0.0.1 - - [30/May/2025 22:14:00] "GET /historical-data HTTP/1.1" 200 -
2025-05-30 22:16:07,089 - INFO -  * Detected change in '/Users/erhangocmez/testnet_feed_project/app.py', reloading
2025-05-30 22:16:07,102 - INFO -  * Detected change in '/Users/erhangocmez/testnet_feed_project/app.py', reloading
2025-05-30 22:16:07,184 - INFO -  * Restarting with stat
2025-05-30 22:16:07,186 - INFO -  * Restarting with stat
2025-05-30 22:16:08,426 - WARNING -  * Debugger is active!
2025-05-30 22:16:08,425 - WARNING -  * Debugger is active!
2025-05-30 22:16:08,465 - INFO -  * Debugger PIN: 943-604-095
2025-05-30 22:16:08,466 - INFO -  * Debugger PIN: 943-604-095
2025-05-30 22:16:09,144 - INFO - Updated binance BTC: 0.000100 @ $104838.90
2025-05-30 22:16:09,144 - INFO - Updated binance BTC: 0.000100 @ $104838.90
2025-05-30 22:16:10,674 - INFO - Updated okx BTC: 0.000100 @ $104823.70
2025-05-30 22:16:10,805 - INFO - Updated okx BTC: 0.000100 @ $104823.70
2025-05-30 22:16:11,713 - INFO - Updated bybit BTC: 0.000100 @ $104839.70
2025-05-30 22:16:11,738 - INFO - Updated bybit BTC: 0.000100 @ $104839.70
2025-05-30 22:16:12,201 - INFO - Updated bitmex BTC: 0.000036 @ $104877.36
2025-05-30 22:16:12,267 - INFO - Updated bitmex BTC: 0.000036 @ $104877.36
2025-05-30 22:16:13,095 - INFO - Updated kucoin BTC: 0.000370 @ $104851.73
2025-05-30 22:16:14,825 - INFO - Updated kucoin BTC: 0.000370 @ $104851.73
2025-05-30 22:16:17,231 - INFO - Updated gate BTC: 0.000100 @ $104839.40
2025-05-30 22:16:19,567 - INFO - Updated dydx BTC: 0.000000 @ $68766.45
2025-05-30 22:16:26,124 - INFO - Updated gate BTC: 0.000100 @ $104839.40
2025-05-30 22:16:26,696 - INFO - Updated dydx BTC: 0.000000 @ $68766.45
2025-05-30 22:19:00,047 - INFO - 127.0.0.1 - - [30/May/2025 22:19:00] "GET /funding-rates/matrix HTTP/1.1" 200 -
2025-05-30 22:19:00,622 - INFO - 127.0.0.1 - - [30/May/2025 22:19:00] "GET /historical-data HTTP/1.1" 200 -
2025-05-30 22:24:00,050 - INFO - 127.0.0.1 - - [30/May/2025 22:24:00] "GET /funding-rates/matrix HTTP/1.1" 200 -
2025-05-30 22:24:01,109 - INFO - 127.0.0.1 - - [30/May/2025 22:24:01] "GET /historical-data HTTP/1.1" 200 -
2025-05-30 22:29:00,072 - INFO - 127.0.0.1 - - [30/May/2025 22:29:00] "GET /funding-rates/matrix HTTP/1.1" 200 -
2025-05-30 22:29:00,667 - INFO - 127.0.0.1 - - [30/May/2025 22:29:00] "GET /historical-data HTTP/1.1" 200 -
2025-05-30 22:34:00,065 - INFO - 127.0.0.1 - - [30/May/2025 22:34:00] "GET /funding-rates/matrix HTTP/1.1" 200 -
2025-05-30 22:34:00,579 - INFO - 127.0.0.1 - - [30/May/2025 22:34:00] "GET /historical-data HTTP/1.1" 200 -
2025-05-30 22:39:00,061 - INFO - 127.0.0.1 - - [30/May/2025 22:39:00] "GET /funding-rates/matrix HTTP/1.1" 200 -
2025-05-30 22:39:00,699 - INFO - 127.0.0.1 - - [30/May/2025 22:39:00] "GET /historical-data HTTP/1.1" 200 -
2025-05-30 22:44:12,663 - INFO - 127.0.0.1 - - [30/May/2025 22:44:12] "GET /funding-rates/matrix HTTP/1.1" 200 -
2025-05-30 22:44:12,879 - INFO - 127.0.0.1 - - [30/May/2025 22:44:12] "GET /historical-data HTTP/1.1" 200 -
2025-05-31 07:54:44,868 - INFO - [31m[1mWARNING: This is a development server. Do not use it in a production deployment. Use a production WSGI server instead.[0m
 * Running on http://127.0.0.1:5003
2025-05-31 07:54:44,869 - INFO - [33mPress CTRL+C to quit[0m
2025-05-31 07:54:44,870 - INFO -  * Restarting with stat
2025-05-31 07:54:45,305 - WARNING -  * Debugger is active!
2025-05-31 07:54:45,365 - INFO -  * Debugger PIN: 890-956-514
2025-05-31 07:54:45,403 - INFO - Updated binance BTC: 0.000100 @ $103701.65
2025-05-31 07:54:45,874 - INFO - Updated binance BTC: 0.000100 @ $103701.65
2025-05-31 07:54:46,287 - INFO - Updated okx BTC: 0.000100 @ $103696.90
2025-05-31 07:54:46,680 - INFO - Updated okx BTC: 0.000100 @ $103696.90
2025-05-31 07:54:47,082 - INFO - Updated bybit BTC: 0.000100 @ $103711.50
2025-05-31 07:54:47,457 - INFO - Updated bybit BTC: 0.000100 @ $103711.50
2025-05-31 07:54:49,477 - ERROR - Error fetching bitmex BTC: Network error: ('Connection aborted.', ConnectionResetError(54, 'Connection reset by peer'))
2025-05-31 07:54:49,772 - ERROR - Error fetching bitmex BTC: Network error: ('Connection aborted.', ConnectionResetError(54, 'Connection reset by peer'))
2025-05-31 07:54:50,565 - INFO - Updated kucoin BTC: 0.000104 @ $103744.66
2025-05-31 07:54:51,593 - INFO - Updated kucoin BTC: 0.000104 @ $103744.66
2025-05-31 07:54:53,781 - INFO - Updated gate BTC: 0.000100 @ $103696.51
2025-05-31 07:54:54,498 - INFO - Updated gate BTC: 0.000100 @ $103696.51
2025-05-31 07:54:55,116 - INFO - Updated dydx BTC: 0.000000 @ $68766.45
2025-05-31 07:54:55,473 - INFO - Updated dydx BTC: 0.000000 @ $68766.45
2025-05-31 10:19:29,693 - INFO -  * Detected change in '/Users/erhangocmez/testnet_feed_project/btc_funding_collector/funding_rates.py', reloading
2025-05-31 10:19:29,760 - INFO -  * Restarting with stat
2025-05-31 10:19:30,182 - WARNING -  * Debugger is active!
2025-05-31 10:19:30,214 - INFO -  * Debugger PIN: 890-956-514
2025-05-31 10:19:30,711 - INFO - Updated binance BTC: 0.000086 @ $103630.90
2025-05-31 10:19:31,493 - INFO - Updated okx BTC: 0.000100 @ $103641.60
2025-05-31 10:19:32,412 - INFO - Updated bybit BTC: 0.000100 @ $103625.60
2025-05-31 10:19:34,846 - ERROR - Error fetching bitmex BTC: Network error: ('Connection aborted.', ConnectionResetError(54, 'Connection reset by peer'))
2025-05-31 10:19:35,672 - INFO - Updated kucoin BTC: 0.000104 @ $103676.75
2025-05-31 10:19:38,516 - INFO - Updated gate BTC: 0.000100 @ $103635.00
2025-05-31 10:19:39,057 - INFO - Updated dydx BTC: 0.000000 @ $68766.45
2025-06-01 16:00:01,777 - INFO - [31m[1mWARNING: This is a development server. Do not use it in a production deployment. Use a production WSGI server instead.[0m
 * Running on http://127.0.0.1:5003
2025-06-01 16:00:01,778 - INFO - [33mPress CTRL+C to quit[0m
2025-06-01 16:00:01,779 - INFO -  * Restarting with stat
2025-06-01 16:00:02,151 - WARNING -  * Debugger is active!
2025-06-01 16:00:02,160 - INFO -  * Debugger PIN: 559-676-056
2025-06-01 16:00:02,217 - INFO - Updated binance BTC: 0.000029 @ $103917.10
2025-06-01 16:00:02,582 - INFO - Updated binance BTC: 0.000029 @ $103917.20
2025-06-01 16:00:03,120 - INFO - Updated okx BTC: 0.000067 @ $103917.10
2025-06-01 16:00:03,485 - INFO - Updated okx BTC: 0.000067 @ $103917.00
2025-06-01 16:00:04,078 - INFO - Updated bybit BTC: 0.000094 @ $103912.80
2025-06-01 16:00:04,302 - INFO - Updated bybit BTC: 0.000094 @ $103912.80
2025-06-01 16:00:07,053 - ERROR - Error fetching bitmex BTC: Network error: ('Connection aborted.', ConnectionResetError(54, 'Connection reset by peer'))
2025-06-01 16:00:07,106 - ERROR - Error fetching bitmex BTC: Network error: ('Connection aborted.', ConnectionResetError(54, 'Connection reset by peer'))
2025-06-01 16:00:08,149 - INFO - Updated kucoin BTC: 0.000071 @ $103957.77
2025-06-01 16:00:08,150 - INFO - Updated kucoin BTC: 0.000071 @ $103957.21
2025-06-01 16:00:11,058 - INFO - Updated gate BTC: 0.000100 @ $103924.68
2025-06-01 16:00:11,192 - INFO - Updated gate BTC: 0.000100 @ $103924.68
2025-06-01 16:00:12,437 - INFO - Updated dydx BTC: 0.000000 @ $68766.45
2025-06-01 16:00:12,453 - INFO - Updated dydx BTC: 0.000000 @ $68766.45
2025-06-01 17:47:46,481 - INFO -  * Detected change in '/Users/erhangocmez/testnet_feed_project/main.py', reloading
2025-06-01 17:47:46,563 - INFO -  * Restarting with stat
2025-06-01 17:47:47,215 - WARNING -  * Debugger is active!
2025-06-01 17:47:47,226 - INFO -  * Debugger PIN: 559-676-056
2025-06-01 17:47:47,700 - INFO - Updated binance BTC: 0.000049 @ $104584.62
2025-06-01 17:47:48,299 - INFO -  * Detected change in '/Users/erhangocmez/testnet_feed_project/main.py', reloading
2025-06-01 17:47:48,365 - INFO -  * Restarting with stat
2025-06-01 17:47:48,735 - WARNING -  * Debugger is active!
2025-06-01 17:47:48,745 - INFO -  * Debugger PIN: 559-676-056
2025-06-01 17:47:49,204 - INFO - Updated binance BTC: 0.000049 @ $104584.63
2025-06-01 17:47:50,060 - INFO - Updated okx BTC: 0.000041 @ $104572.50
2025-06-01 17:47:50,992 - INFO - Updated bybit BTC: 0.000094 @ $104580.00
2025-06-01 17:47:53,490 - ERROR - Error fetching bitmex BTC: Network error: ('Connection aborted.', ConnectionResetError(54, 'Connection reset by peer'))
2025-06-01 17:47:58,125 - INFO - Updated kucoin BTC: 0.000071 @ $104636.33
2025-06-01 17:48:00,784 - INFO - Updated gate BTC: 0.000100 @ $104562.90
2025-06-01 17:48:01,426 - INFO - Updated dydx BTC: 0.000000 @ $68766.45
2025-06-01 17:49:16,236 - INFO -  * Detected change in '/Users/erhangocmez/testnet_feed_project/main.py', reloading
2025-06-01 17:49:16,300 - INFO -  * Restarting with stat
2025-06-01 17:49:16,768 - WARNING -  * Debugger is active!
2025-06-01 17:49:16,776 - INFO -  * Debugger PIN: 559-676-056
2025-06-01 17:49:17,228 - INFO - Updated binance BTC: 0.000049 @ $104614.81
2025-06-01 17:49:18,082 - INFO - Updated okx BTC: 0.000041 @ $104609.30
2025-06-01 17:49:19,220 - INFO - Updated bybit BTC: 0.000094 @ $104624.30
2025-06-01 17:49:21,837 - ERROR - Error fetching bitmex BTC: Network error: ('Connection aborted.', ConnectionResetError(54, 'Connection reset by peer'))
2025-06-01 17:49:23,360 - INFO - Updated kucoin BTC: 0.000071 @ $104666.17
2025-06-01 17:49:26,155 - INFO - Updated gate BTC: 0.000100 @ $104618.80
2025-06-01 17:49:26,644 - INFO - Updated dydx BTC: 0.000000 @ $68766.45
2025-06-01 17:50:41,136 - INFO -  * Detected change in '/Users/erhangocmez/testnet_feed_project/main.py', reloading
2025-06-01 17:50:41,194 - INFO -  * Restarting with stat
2025-06-01 17:50:41,681 - WARNING -  * Debugger is active!
2025-06-01 17:50:41,699 - INFO -  * Debugger PIN: 559-676-056
2025-06-01 17:50:42,146 - INFO - Updated binance BTC: 0.000049 @ $104577.10
2025-06-01 17:50:42,985 - INFO - Updated okx BTC: 0.000040 @ $104573.10
2025-06-01 17:50:43,912 - INFO - Updated bybit BTC: 0.000094 @ $104580.90
2025-06-01 17:50:44,990 - INFO -  * Detected change in '/Users/erhangocmez/testnet_feed_project/main.py', reloading
2025-06-01 17:50:45,048 - INFO -  * Restarting with stat
2025-06-01 17:50:45,459 - WARNING -  * Debugger is active!
2025-06-01 17:50:45,472 - INFO -  * Debugger PIN: 559-676-056
2025-06-01 17:50:45,876 - INFO - Updated binance BTC: 0.000049 @ $104571.32
2025-06-01 17:50:46,743 - INFO - Updated okx BTC: 0.000040 @ $104569.20
2025-06-01 17:50:47,508 - INFO - Updated bybit BTC: 0.000094 @ $104581.00
2025-06-01 17:50:49,978 - ERROR - Error fetching bitmex BTC: Network error: ('Connection aborted.', ConnectionResetError(54, 'Connection reset by peer'))
2025-06-01 17:50:50,696 - INFO - Updated kucoin BTC: 0.000071 @ $104627.69
2025-06-01 17:50:53,490 - INFO - Updated gate BTC: 0.000100 @ $104565.14
2025-06-01 17:50:53,983 - INFO - Updated dydx BTC: 0.000000 @ $68766.45
2025-06-01 21:30:52,586 - INFO -  * Detected change in '/Users/erhangocmez/testnet_feed_project/app.py', reloading
2025-06-01 21:30:52,685 - INFO -  * Restarting with stat
2025-06-21 14:54:13,889 - INFO - [31m[1mWARNING: This is a development server. Do not use it in a production deployment. Use a production WSGI server instead.[0m
 * Running on http://127.0.0.1:5003
2025-06-21 14:54:13,890 - INFO - [33mPress CTRL+C to quit[0m
2025-06-21 14:54:13,891 - INFO -  * Restarting with stat
2025-06-21 14:54:14,188 - WARNING -  * Debugger is active!
2025-06-21 14:54:14,349 - INFO - Updated binance BTC: 0.000051 @ $103887.10
2025-06-21 14:54:14,373 - INFO -  * Debugger PIN: 777-840-461
2025-06-21 14:54:14,649 - INFO - Updated binance BTC: 0.000051 @ $103887.10
2025-06-21 14:54:15,636 - INFO - Updated okx BTC: 0.000034 @ $103896.30
2025-06-21 14:54:16,310 - INFO - Updated okx BTC: 0.000034 @ $103896.30
2025-06-21 14:54:16,556 - INFO - Updated bybit BTC: -0.000025 @ $103878.20
2025-06-21 14:54:17,244 - INFO - Updated bybit BTC: -0.000025 @ $103878.20
2025-06-21 14:54:19,074 - ERROR - Error fetching bitmex BTC: Network error: ('Connection aborted.', ConnectionResetError(54, 'Connection reset by peer'))
2025-06-21 14:54:19,653 - ERROR - Error fetching bitmex BTC: Network error: ('Connection aborted.', ConnectionResetError(54, 'Connection reset by peer'))
2025-06-21 14:54:19,656 - INFO - Updated kucoin BTC: 0.000056 @ $103925.38
2025-06-21 14:54:21,391 - INFO - Updated kucoin BTC: 0.000056 @ $103925.46
2025-06-21 14:54:24,576 - INFO - Updated gate BTC: 0.000011 @ $103891.11
2025-06-21 14:54:24,576 - INFO - Updated gate BTC: 0.000011 @ $103891.11
2025-06-21 14:54:25,103 - INFO - Updated dydx BTC: 0.000000 @ $68766.45
2025-06-21 14:54:25,104 - INFO - Updated dydx BTC: 0.000000 @ $68766.45
2025-06-21 14:54:33,355 - INFO - 127.0.0.1 - - [21/Jun/2025 14:54:33] "GET / HTTP/1.1" 200 -
2025-06-21 14:54:34,169 - INFO - 127.0.0.1 - - [21/Jun/2025 14:54:34] "GET /funding-rates/matrix HTTP/1.1" 200 -
2025-06-21 14:54:34,283 - INFO - 127.0.0.1 - - [21/Jun/2025 14:54:34] "GET /historical-data HTTP/1.1" 200 -
2025-06-21 14:54:34,346 - INFO - 127.0.0.1 - - [21/Jun/2025 14:54:34] "[33mGET /favicon.ico HTTP/1.1[0m" 404 -
2025-06-21 14:54:34,507 - INFO - 127.0.0.1 - - [21/Jun/2025 14:54:34] "GET /api/kraken-balances HTTP/1.1" 200 -
2025-06-21 14:55:27,991 - INFO - [31m[1mWARNING: This is a development server. Do not use it in a production deployment. Use a production WSGI server instead.[0m
 * Running on http://127.0.0.1:5003
2025-06-21 14:55:27,991 - INFO - [33mPress CTRL+C to quit[0m
2025-06-21 14:55:27,992 - INFO -  * Restarting with stat
2025-06-21 14:55:28,265 - WARNING -  * Debugger is active!
2025-06-21 14:55:28,293 - INFO -  * Debugger PIN: 777-840-461
2025-06-21 14:55:28,569 - INFO - Updated binance BTC: 0.000052 @ $103878.25
2025-06-21 14:55:28,727 - INFO - Updated binance BTC: 0.000052 @ $103878.25
2025-06-21 14:55:29,497 - INFO - Updated okx BTC: 0.000034 @ $103874.90
2025-06-21 14:55:29,594 - INFO - Updated okx BTC: 0.000034 @ $103874.90
2025-06-21 14:55:30,514 - INFO - Updated bybit BTC: -0.000025 @ $103850.80
2025-06-21 14:55:30,516 - INFO - Updated bybit BTC: -0.000025 @ $103850.80
2025-06-21 14:55:33,022 - ERROR - Error fetching bitmex BTC: Network error: ('Connection aborted.', ConnectionResetError(54, 'Connection reset by peer'))
2025-06-21 14:55:33,022 - ERROR - Error fetching bitmex BTC: Network error: ('Connection aborted.', ConnectionResetError(54, 'Connection reset by peer'))
2025-06-21 14:55:34,142 - INFO - Updated kucoin BTC: 0.000056 @ $103925.45
2025-06-21 14:55:34,488 - INFO - Updated kucoin BTC: 0.000056 @ $103917.77
2025-06-21 14:55:37,287 - INFO - Updated gate BTC: 0.000011 @ $103874.90
2025-06-21 14:55:37,917 - INFO - Updated dydx BTC: 0.000000 @ $68766.45
2025-06-21 14:55:39,291 - INFO - 127.0.0.1 - - [21/Jun/2025 14:55:39] "GET / HTTP/1.1" 200 -
2025-06-21 14:55:39,352 - INFO - 127.0.0.1 - - [21/Jun/2025 14:55:39] "GET /funding-rates/matrix HTTP/1.1" 200 -
2025-06-21 14:55:39,494 - INFO - 127.0.0.1 - - [21/Jun/2025 14:55:39] "GET /historical-data HTTP/1.1" 200 -
2025-06-21 14:55:39,726 - INFO - 127.0.0.1 - - [21/Jun/2025 14:55:39] "GET /api/kraken-balances HTTP/1.1" 200 -
2025-06-21 14:55:40,868 - INFO - Updated gate BTC: 0.000011 @ $103874.90
2025-06-21 14:55:41,523 - INFO - Updated dydx BTC: 0.000000 @ $68766.45
2025-06-21 14:56:37,598 - INFO - 127.0.0.1 - - [21/Jun/2025 14:56:37] "[35m[1mGET / HTTP/1.1[0m" 500 -
2025-06-21 14:56:37,639 - INFO - 127.0.0.1 - - [21/Jun/2025 14:56:37] "GET /?__debugger__=yes&cmd=resource&f=debugger.js HTTP/1.1" 200 -
2025-06-21 14:56:37,640 - INFO - 127.0.0.1 - - [21/Jun/2025 14:56:37] "GET /?__debugger__=yes&cmd=resource&f=style.css HTTP/1.1" 200 -
2025-06-21 14:56:37,666 - INFO - 127.0.0.1 - - [21/Jun/2025 14:56:37] "GET /?__debugger__=yes&cmd=resource&f=console.png&s=nqLUWpJIDatXZ8qIEJqj HTTP/1.1" 200 -
2025-06-22 12:02:01,075 - INFO - [31m[1mWARNING: This is a development server. Do not use it in a production deployment. Use a production WSGI server instead.[0m
 * Running on http://127.0.0.1:5000
2025-06-22 12:02:01,075 - INFO - [33mPress CTRL+C to quit[0m
2025-06-22 12:02:01,947 - INFO - Updated binance BTC: 0.000100 @ $102756.99
2025-06-22 12:02:03,289 - INFO - Updated okx BTC: 0.000049 @ $102720.60
2025-06-22 12:02:04,314 - INFO - Updated bybit BTC: 0.000071 @ $102697.80
2025-06-22 12:02:06,947 - ERROR - Error fetching bitmex BTC: Network error: ('Connection aborted.', ConnectionResetError(54, 'Connection reset by peer'))
2025-06-22 12:02:08,920 - INFO - Updated kucoin BTC: -0.000031 @ $102788.26
2025-06-22 12:02:11,189 - INFO - 127.0.0.1 - - [22/Jun/2025 12:02:11] "GET / HTTP/1.1" 200 -
2025-06-22 12:02:12,218 - INFO - 127.0.0.1 - - [22/Jun/2025 12:02:12] "GET /historical-data?binSize=1h HTTP/1.1" 200 -
2025-06-22 12:02:13,162 - INFO - Updated gate BTC: 0.000097 @ $102722.42
2025-06-22 12:02:13,878 - INFO - Updated dydx BTC: 0.000000 @ $68766.45
2025-06-22 12:03:55,679 - INFO - [31m[1mWARNING: This is a development server. Do not use it in a production deployment. Use a production WSGI server instead.[0m
 * Running on http://127.0.0.1:5000
2025-06-22 12:03:55,681 - INFO - [33mPress CTRL+C to quit[0m
2025-06-22 12:03:56,304 - INFO - Updated binance BTC: 0.000100 @ $102697.60
2025-06-22 12:03:57,236 - INFO - Updated okx BTC: 0.000049 @ $102695.20
2025-06-22 12:03:58,216 - INFO - Updated bybit BTC: 0.000071 @ $102690.80
2025-06-22 12:04:00,394 - INFO - 127.0.0.1 - - [22/Jun/2025 12:04:00] "GET / HTTP/1.1" 200 -
2025-06-22 12:04:00,712 - INFO - 127.0.0.1 - - [22/Jun/2025 12:04:00] "GET /historical-data?binSize=1h HTTP/1.1" 200 -
2025-06-22 12:04:00,851 - ERROR - Error fetching bitmex BTC: Network error: ('Connection aborted.', ConnectionResetError(54, 'Connection reset by peer'))
2025-06-22 12:04:04,240 - INFO - Updated kucoin BTC: -0.000032 @ $102738.53
2025-06-22 12:04:04,242 - INFO - 127.0.0.1 - - [22/Jun/2025 12:04:04] "GET / HTTP/1.1" 200 -
2025-06-22 12:04:04,450 - INFO - 127.0.0.1 - - [22/Jun/2025 12:04:04] "GET /historical-data?binSize=1h HTTP/1.1" 200 -
2025-06-22 12:04:07,752 - INFO - Updated gate BTC: 0.000095 @ $102714.10
2025-06-22 12:04:08,852 - INFO - Updated dydx BTC: 0.000000 @ $68766.45
2025-06-22 12:04:49,069 - INFO - [31m[1mWARNING: This is a development server. Do not use it in a production deployment. Use a production WSGI server instead.[0m
 * Running on http://127.0.0.1:5000
2025-06-22 12:04:49,070 - INFO - [33mPress CTRL+C to quit[0m
2025-06-22 12:04:49,684 - INFO - Updated binance BTC: 0.000100 @ $102726.03
2025-06-22 12:04:50,763 - INFO - Updated okx BTC: 0.000049 @ $102726.00
2025-06-22 12:04:51,849 - INFO - Updated bybit BTC: 0.000071 @ $102714.20
2025-06-22 12:04:53,646 - INFO - 127.0.0.1 - - [22/Jun/2025 12:04:53] "GET / HTTP/1.1" 200 -
2025-06-22 12:04:53,872 - INFO - 127.0.0.1 - - [22/Jun/2025 12:04:53] "GET /historical-data?binSize=1h HTTP/1.1" 200 -
2025-06-22 12:04:54,343 - ERROR - Error fetching bitmex BTC: Network error: ('Connection aborted.', ConnectionResetError(54, 'Connection reset by peer'))
2025-06-22 12:04:55,871 - INFO - Updated kucoin BTC: -0.000031 @ $102769.14
2025-06-22 12:05:00,477 - INFO - Updated gate BTC: 0.000095 @ $102723.02
2025-06-22 12:05:01,122 - INFO - Updated dydx BTC: 0.000000 @ $68766.45
2025-06-22 12:05:59,542 - INFO - [31m[1mWARNING: This is a development server. Do not use it in a production deployment. Use a production WSGI server instead.[0m
 * Running on http://127.0.0.1:5000
2025-06-22 12:05:59,543 - INFO - [33mPress CTRL+C to quit[0m
2025-06-22 12:06:00,103 - INFO - Updated binance BTC: 0.000100 @ $102688.92
2025-06-22 12:06:01,146 - INFO - Updated okx BTC: 0.000049 @ $102688.70
2025-06-22 12:06:02,105 - INFO - Updated bybit BTC: 0.000071 @ $102676.80
2025-06-22 12:06:04,622 - ERROR - Error fetching bitmex BTC: Network error: ('Connection aborted.', ConnectionResetError(54, 'Connection reset by peer'))
2025-06-22 12:06:05,207 - INFO - Updated kucoin BTC: -0.000032 @ $102730.37
2025-06-22 12:06:08,767 - INFO - Updated gate BTC: 0.000093 @ $102679.85
2025-06-22 12:06:09,314 - INFO - Updated dydx BTC: 0.000000 @ $68766.45
2025-06-22 12:06:16,761 - INFO - 127.0.0.1 - - [22/Jun/2025 12:06:16] "GET / HTTP/1.1" 200 -
2025-06-22 12:06:17,028 - INFO - 127.0.0.1 - - [22/Jun/2025 12:06:17] "GET /historical-data?binSize=1h HTTP/1.1" 200 -
2025-06-22 12:08:06,170 - INFO - [31m[1mWARNING: This is a development server. Do not use it in a production deployment. Use a production WSGI server instead.[0m
 * Running on http://127.0.0.1:5000
2025-06-22 12:08:06,172 - INFO - [33mPress CTRL+C to quit[0m
2025-06-22 12:08:06,784 - INFO - Updated binance BTC: 0.000100 @ $102576.78
2025-06-22 12:08:07,834 - INFO - Updated okx BTC: 0.000048 @ $102572.60
2025-06-22 12:08:09,027 - INFO - Updated bybit BTC: 0.000071 @ $102557.80
2025-06-22 12:08:10,436 - INFO - 127.0.0.1 - - [22/Jun/2025 12:08:10] "GET / HTTP/1.1" 200 -
2025-06-22 12:08:10,602 - INFO - 127.0.0.1 - - [22/Jun/2025 12:08:10] "GET /historical-data?binSize=1h HTTP/1.1" 200 -
2025-06-22 12:08:11,675 - ERROR - Error fetching bitmex BTC: Network error: ('Connection aborted.', ConnectionResetError(54, 'Connection reset by peer'))
2025-06-22 12:08:12,457 - INFO - Updated kucoin BTC: -0.000034 @ $102633.38
2025-06-22 12:08:17,212 - INFO - Updated gate BTC: 0.000091 @ $102582.30
2025-06-22 12:08:17,810 - INFO - Updated dydx BTC: 0.000000 @ $68766.45
2025-06-22 12:10:17,411 - INFO - [31m[1mWARNING: This is a development server. Do not use it in a production deployment. Use a production WSGI server instead.[0m
 * Running on http://127.0.0.1:5000
2025-06-22 12:10:17,412 - INFO - [33mPress CTRL+C to quit[0m
2025-06-22 12:10:18,020 - INFO - Updated binance BTC: 0.000100 @ $102513.00
2025-06-22 12:10:19,282 - INFO - Updated okx BTC: 0.000048 @ $102509.70
2025-06-22 12:10:20,486 - INFO - Updated bybit BTC: 0.000071 @ $102505.50
2025-06-22 12:10:22,640 - INFO - 127.0.0.1 - - [22/Jun/2025 12:10:22] "GET / HTTP/1.1" 200 -
2025-06-22 12:10:22,812 - INFO - 127.0.0.1 - - [22/Jun/2025 12:10:22] "GET /historical-data?binSize=1h HTTP/1.1" 200 -
2025-06-22 12:10:23,201 - ERROR - Error fetching bitmex BTC: Network error: ('Connection aborted.', ConnectionResetError(54, 'Connection reset by peer'))
2025-06-22 12:10:23,910 - INFO - Updated kucoin BTC: -0.000034 @ $102546.80
2025-06-22 12:10:29,384 - INFO - 127.0.0.1 - - [22/Jun/2025 12:10:29] "GET / HTTP/1.1" 200 -
2025-06-22 12:10:29,597 - INFO - 127.0.0.1 - - [22/Jun/2025 12:10:29] "GET /historical-data?binSize=1h HTTP/1.1" 200 -
2025-06-22 12:10:31,434 - INFO - Updated gate BTC: 0.000091 @ $102516.10
2025-06-22 12:10:32,411 - INFO - Updated dydx BTC: 0.000000 @ $68766.45
2025-06-22 12:11:52,936 - INFO - [31m[1mWARNING: This is a development server. Do not use it in a production deployment. Use a production WSGI server instead.[0m
 * Running on http://127.0.0.1:5000
2025-06-22 12:11:52,937 - INFO - [33mPress CTRL+C to quit[0m
2025-06-22 12:11:53,663 - INFO - Updated binance BTC: 0.000100 @ $102528.72
2025-06-22 12:11:54,550 - INFO - Updated okx BTC: 0.000048 @ $102524.20
2025-06-22 12:11:56,181 - INFO - Updated bybit BTC: 0.000071 @ $102522.00
2025-06-22 12:11:58,679 - ERROR - Error fetching bitmex BTC: Network error: ('Connection aborted.', ConnectionResetError(54, 'Connection reset by peer'))
2025-06-22 12:11:59,494 - INFO - Updated kucoin BTC: -0.000033 @ $102561.49
2025-06-22 12:12:00,160 - INFO - 127.0.0.1 - - [22/Jun/2025 12:12:00] "GET / HTTP/1.1" 200 -
2025-06-22 12:12:00,360 - INFO - 127.0.0.1 - - [22/Jun/2025 12:12:00] "GET /historical-data?binSize=1h HTTP/1.1" 200 -
2025-06-22 12:12:02,658 - INFO - Updated gate BTC: 0.000090 @ $102529.23
2025-06-22 12:12:03,187 - INFO - Updated dydx BTC: 0.000000 @ $68766.45
2025-06-22 12:12:27,880 - INFO - 127.0.0.1 - - [22/Jun/2025 12:12:27] "GET /historical-data?binSize=1h HTTP/1.1" 200 -
2025-06-22 12:12:35,350 - INFO - Successfully saved LRC parameters to lrc_params.json
2025-06-22 12:12:35,391 - INFO - 127.0.0.1 - - [22/Jun/2025 12:12:35] "GET /api/lrc-data?binSize=1h&useDateRange=true&startTimestamp=1750514400&deviations=1,2,3,4 HTTP/1.1" 200 -
2025-06-22 12:19:08,552 - INFO - [31m[1mWARNING: This is a development server. Do not use it in a production deployment. Use a production WSGI server instead.[0m
 * Running on http://127.0.0.1:5000
2025-06-22 12:19:08,553 - INFO - [33mPress CTRL+C to quit[0m
2025-06-22 12:19:09,181 - INFO - Updated binance BTC: 0.000100 @ $102471.90
2025-06-22 12:19:10,102 - INFO - Updated okx BTC: 0.000048 @ $102472.40
2025-06-22 12:19:11,154 - INFO - Updated bybit BTC: 0.000071 @ $102460.20
2025-06-22 12:19:13,656 - ERROR - Error fetching bitmex BTC: Network error: ('Connection aborted.', ConnectionResetError(54, 'Connection reset by peer'))
2025-06-22 12:19:15,634 - INFO - 127.0.0.1 - - [22/Jun/2025 12:19:15] "GET /lrc HTTP/1.1" 200 -
2025-06-22 12:19:16,150 - INFO - Updated kucoin BTC: -0.000031 @ $102511.46
2025-06-22 12:19:22,459 - INFO - Updated gate BTC: 0.000089 @ $102470.66
2025-06-22 12:19:23,204 - INFO - Updated dydx BTC: 0.000000 @ $68766.45
2025-06-22 12:19:25,933 - INFO - Successfully saved LRC parameters to lrc_params.json
2025-06-22 12:19:25,975 - INFO - 127.0.0.1 - - [22/Jun/2025 12:19:25] "GET /api/lrc-data?binSize=1h&useDateRange=true&startTimestamp=1750514400&inflectionTimestamp=1750514400&deviations=1,2,3,4 HTTP/1.1" 200 -
2025-06-22 12:20:08,988 - INFO - Successfully saved LRC parameters to lrc_params.json
2025-06-22 12:20:09,029 - INFO - 127.0.0.1 - - [22/Jun/2025 12:20:09] "GET /api/lrc-data?binSize=1h&useDateRange=true&startTimestamp=1750255200&inflectionTimestamp=1750514400&deviations=1,2,3,4 HTTP/1.1" 200 -
2025-06-22 12:27:25,705 - INFO - Successfully saved LRC parameters to lrc_params.json
2025-06-22 12:27:25,746 - INFO - 127.0.0.1 - - [22/Jun/2025 12:27:25] "GET /api/lrc-data?binSize=1h&useDateRange=true&startTimestamp=1750255200&inflectionTimestamp=1749600000&deviations=1,2,3,4 HTTP/1.1" 200 -
2025-06-22 12:27:47,703 - INFO - Successfully saved LRC parameters to lrc_params.json
2025-06-22 12:27:47,743 - INFO - 127.0.0.1 - - [22/Jun/2025 12:27:47] "GET /api/lrc-data?binSize=1h&useDateRange=true&startTimestamp=1749564000&inflectionTimestamp=1749600000&deviations=1,2,3,4 HTTP/1.1" 200 -
2025-06-22 12:27:52,481 - INFO - Successfully saved LRC parameters to lrc_params.json
2025-06-22 12:27:52,527 - INFO - 127.0.0.1 - - [22/Jun/2025 12:27:52] "GET /api/lrc-data?binSize=1h&useDateRange=true&startTimestamp=1749564000&inflectionTimestamp=1749600000&deviations=1,2,3,4 HTTP/1.1" 200 -
2025-06-22 12:29:13,942 - INFO - Successfully saved LRC parameters to lrc_params.json
2025-06-22 12:29:14,093 - INFO - 127.0.0.1 - - [22/Jun/2025 12:29:14] "GET /api/lrc-data?binSize=1m&useDateRange=true&startTimestamp=1749564000&inflectionTimestamp=1749600000&deviations=1,2,3,4 HTTP/1.1" 200 -
2025-06-22 12:29:16,981 - INFO - Successfully saved LRC parameters to lrc_params.json
2025-06-22 12:29:17,192 - INFO - 127.0.0.1 - - [22/Jun/2025 12:29:17] "GET /api/lrc-data?binSize=1m&useDateRange=true&startTimestamp=1749564000&inflectionTimestamp=1749600000&deviations=1,2,3,4 HTTP/1.1" 200 -
2025-06-22 12:30:31,089 - INFO - Successfully saved LRC parameters to lrc_params.json
2025-06-22 12:30:31,184 - INFO - 127.0.0.1 - - [22/Jun/2025 12:30:31] "GET /api/lrc-data?binSize=1m&useDateRange=true&startTimestamp=1749564000&inflectionTimestamp=1750556220&deviations=1,2,3,4 HTTP/1.1" 200 -
2025-06-22 12:37:57,993 - INFO - [31m[1mWARNING: This is a development server. Do not use it in a production deployment. Use a production WSGI server instead.[0m
 * Running on http://127.0.0.1:5000
2025-06-22 12:37:57,993 - INFO - [33mPress CTRL+C to quit[0m
2025-06-22 12:37:58,601 - INFO - Updated binance BTC: 0.000098 @ $102348.43
2025-06-22 12:37:59,539 - INFO - Updated okx BTC: 0.000052 @ $102330.60
2025-06-22 12:38:00,560 - INFO - Updated bybit BTC: 0.000071 @ $102328.60
2025-06-22 12:38:03,131 - ERROR - Error fetching bitmex BTC: Network error: ('Connection aborted.', ConnectionResetError(54, 'Connection reset by peer'))
2025-06-22 12:38:04,831 - INFO - 127.0.0.1 - - [22/Jun/2025 12:38:04] "GET /lrc HTTP/1.1" 200 -
2025-06-22 12:38:04,923 - INFO - Updated kucoin BTC: -0.000034 @ $102368.56
2025-06-22 12:38:10,410 - INFO - Updated gate BTC: 0.000088 @ $102337.97
2025-06-22 12:38:11,304 - INFO - Updated dydx BTC: 0.000000 @ $68766.45
2025-06-22 12:38:17,067 - INFO - Successfully saved LRC parameters to lrc_params.json
2025-06-22 12:38:17,110 - INFO - 127.0.0.1 - - [22/Jun/2025 12:38:17] "GET /api/lrc-data?binSize=1h&useDateRange=true&startTimestamp=1750514400&inflectionTimestamp=1750514400&deviations=1,2,3,4 HTTP/1.1" 200 -
2025-06-22 12:38:23,382 - INFO - 127.0.0.1 - - [22/Jun/2025 12:38:23] "GET / HTTP/1.1" 200 -
2025-06-22 12:38:24,492 - INFO - 127.0.0.1 - - [22/Jun/2025 12:38:24] "GET /historical-data?binSize=1h HTTP/1.1" 200 -
2025-06-22 12:38:29,158 - INFO - 127.0.0.1 - - [22/Jun/2025 12:38:29] "GET /historical-data?binSize=1h HTTP/1.1" 200 -
2025-06-22 12:38:34,177 - INFO - 127.0.0.1 - - [22/Jun/2025 12:38:34] "GET /historical-data?binSize=1h HTTP/1.1" 200 -
2025-06-22 12:38:39,485 - INFO - 127.0.0.1 - - [22/Jun/2025 12:38:39] "GET /historical-data?binSize=1h HTTP/1.1" 200 -
2025-06-22 12:38:44,340 - INFO - 127.0.0.1 - - [22/Jun/2025 12:38:44] "GET /historical-data?binSize=1h HTTP/1.1" 200 -
2025-06-22 12:38:55,899 - INFO - 127.0.0.1 - - [22/Jun/2025 12:38:55] "GET /historical-data?binSize=1h HTTP/1.1" 200 -
2025-06-22 12:38:56,065 - INFO - 127.0.0.1 - - [22/Jun/2025 12:38:56] "GET /historical-data?binSize=1h HTTP/1.1" 200 -
2025-06-22 12:39:02,953 - INFO - 127.0.0.1 - - [22/Jun/2025 12:39:02] "GET /historical-data?binSize=1h HTTP/1.1" 200 -
2025-06-22 12:40:10,608 - INFO - [31m[1mWARNING: This is a development server. Do not use it in a production deployment. Use a production WSGI server instead.[0m
 * Running on http://127.0.0.1:5000
2025-06-22 12:40:10,609 - INFO - [33mPress CTRL+C to quit[0m
2025-06-22 12:40:11,357 - INFO - Updated binance BTC: 0.000097 @ $102393.50
2025-06-22 12:40:12,403 - INFO - Updated okx BTC: 0.000052 @ $102403.20
2025-06-22 12:40:13,409 - INFO - Updated bybit BTC: 0.000071 @ $102379.30
2025-06-22 12:40:16,021 - ERROR - Error fetching bitmex BTC: Network error: ('Connection aborted.', ConnectionResetError(54, 'Connection reset by peer'))
2025-06-22 12:40:17,127 - INFO - Updated kucoin BTC: -0.000033 @ $102415.25
2025-06-22 12:40:17,855 - INFO - 127.0.0.1 - - [22/Jun/2025 12:40:17] "GET /lrc HTTP/1.1" 200 -
2025-06-22 12:40:20,531 - INFO - Updated gate BTC: 0.000088 @ $102368.35
2025-06-22 12:40:20,699 - ERROR - Error in /api/lrc-data: bitmex {"error":{"message":"Not Found","name":"HTTPError"}}
2025-06-22 12:40:20,701 - INFO - 127.0.0.1 - - [22/Jun/2025 12:40:20] "[35m[1mGET /api/lrc-data?binSize=1h&useDateRange=true&startTimestamp=1750514400&inflectionTimestamp=1750514400&deviations=1,2,3,4 HTTP/1.1[0m" 500 -
2025-06-22 12:40:21,172 - INFO - Updated dydx BTC: 0.000000 @ $68766.45
2025-06-22 12:41:31,565 - INFO - [31m[1mWARNING: This is a development server. Do not use it in a production deployment. Use a production WSGI server instead.[0m
 * Running on http://127.0.0.1:5000
2025-06-22 12:41:31,566 - INFO - [33mPress CTRL+C to quit[0m
2025-06-22 12:41:32,052 - INFO - Updated binance BTC: 0.000097 @ $102360.21
2025-06-22 12:41:33,029 - INFO - Updated okx BTC: 0.000053 @ $102368.00
2025-06-22 12:41:34,385 - INFO - Updated bybit BTC: 0.000071 @ $102359.50
2025-06-22 12:41:35,278 - INFO - 127.0.0.1 - - [22/Jun/2025 12:41:35] "GET /lrc HTTP/1.1" 200 -
2025-06-22 12:41:37,387 - ERROR - Error fetching bitmex BTC: Network error: ('Connection aborted.', ConnectionResetError(54, 'Connection reset by peer'))
2025-06-22 12:41:38,436 - INFO - Updated kucoin BTC: -0.000033 @ $102403.36
2025-06-22 12:41:40,741 - INFO - Successfully saved LRC parameters to lrc_params.json
2025-06-22 12:41:40,744 - INFO - 127.0.0.1 - - [22/Jun/2025 12:41:40] "GET /api/lrc-data?binSize=1h&useDateRange=true&startTimestamp=1750514400&inflectionTimestamp=1750514400&deviations=1,2,3,4 HTTP/1.1" 200 -
2025-06-22 12:41:41,972 - INFO - Updated gate BTC: 0.000088 @ $102390.40
2025-06-22 12:41:42,574 - INFO - Updated dydx BTC: 0.000000 @ $68766.45
2025-06-22 12:41:59,393 - INFO - Successfully saved LRC parameters to lrc_params.json
2025-06-22 12:41:59,401 - INFO - 127.0.0.1 - - [22/Jun/2025 12:41:59] "GET /api/lrc-data?binSize=1m&useDateRange=true&startTimestamp=1750514400&inflectionTimestamp=1750514400&deviations=1,2,3,4 HTTP/1.1" 200 -
2025-06-22 12:44:28,853 - INFO - 127.0.0.1 - - [22/Jun/2025 12:44:28] "GET /historical-data?binSize=1h HTTP/1.1" 200 -
2025-06-22 12:44:42,130 - INFO - 127.0.0.1 - - [22/Jun/2025 12:44:42] "GET /historical-data?binSize=1h HTTP/1.1" 200 -
2025-06-22 12:46:34,870 - INFO - Successfully saved LRC parameters to lrc_params.json
2025-06-22 12:46:34,882 - INFO - 127.0.0.1 - - [22/Jun/2025 12:46:34] "GET /api/lrc-data?binSize=1m&useDateRange=true&startTimestamp=1750514400&inflectionTimestamp=1750428000&deviations=1,2,3,4 HTTP/1.1" 200 -
2025-06-22 12:46:39,659 - INFO - Successfully saved LRC parameters to lrc_params.json
2025-06-22 12:46:39,663 - INFO - 127.0.0.1 - - [22/Jun/2025 12:46:39] "GET /api/lrc-data?binSize=5m&useDateRange=true&startTimestamp=1750514400&inflectionTimestamp=1750428000&deviations=1,2,3,4 HTTP/1.1" 200 -
